<?xml version="1.0" encoding="UTF-8"?>
<!-- Generated by org.testng.reporters.JUnitReportReporter -->
<testsuite skipped="0" hostname="DESKTOP-C09UPJQ" name="Academy.HomePage" tests="1" failures="0" timestamp="2020-07-16T06:00:56 IST" time="43.144" errors="0">
  <testcase name="basePageNavigation" time="43.144" classname="Academy.HomePage"/>
  <system-out/>
</testsuite> <!-- Academy.HomePage -->
