<?xml version="1.0" encoding="UTF-8"?>
<!-- Generated by org.testng.reporters.JUnitReportReporter -->
<testsuite skipped="0" hostname="DESKTOP-C09UPJQ" name="Academy.validateNavigationBar" tests="1" failures="0" timestamp="2020-07-15T00:04:56 IST" time="0.157" errors="0">
  <testcase name="validateAppNavBar" time="0.157" classname="Academy.validateNavigationBar"/>
  <system-out/>
</testsuite> <!-- Academy.validateNavigationBar -->
